/*C3*/SET SCHEMA PUBLIC
DELETE FROM TREATMENT WHERE TID=32
INSERT INTO TREATMENT VALUES(32,4,'2021-07-21','12:00','15:00','Fahren','',1)
COMMIT
DELETE FROM TREATMENT WHERE TID=25
INSERT INTO TREATMENT VALUES(25,4,'2021-07-23','02:00','04:00','Reh','',1)
COMMIT
DELETE FROM TREATMENT WHERE TID=26
INSERT INTO TREATMENT VALUES(26,5,'2021-07-09','16:30','17:00','Untersuchung','',1)
COMMIT
DELETE FROM TREATMENT WHERE TID=30
INSERT INTO TREATMENT VALUES(30,11,'2021-07-18','03:00','04:00','Schlafen','',1)
COMMIT
DELETE FROM TREATMENT WHERE TID=29
INSERT INTO TREATMENT VALUES(29,5,'2021-07-17','14:00','16:00','Tests','',1)
COMMIT
DELETE FROM TREATMENT WHERE TID=28
INSERT INTO TREATMENT VALUES(28,3,'2021-07-14','02:00','03:00','Haken','',7)
COMMIT
DISCONNECT
